#
# There is insufficient memory for the Java Runtime Environment to continue.
# Native memory allocation (mmap) failed to map 132120576 bytes for G1 virtual space
# Possible reasons:
#   The system is out of physical RAM or swap space
#   The process is running with CompressedOops enabled, and the Java Heap may be blocking the growth of the native heap
# Possible solutions:
#   Reduce memory load on the system
#   Increase physical memory or swap space
#   Check if swap backing store is full
#   Decrease Java heap size (-Xmx/-Xms)
#   Decrease number of Java threads
#   Decrease Java thread stack sizes (-Xss)
#   Set larger code cache with -XX:ReservedCodeCacheSize=
#   JVM is running with Unscaled Compressed Oops mode in which the Java heap is
#     placed in the first 4GB address space. The Java Heap base address is the
#     maximum limit for the native heap growth. Please use -XX:HeapBaseMinAddress
#     to set the Java Heap base and to place the Java Heap above 4GB virtual address.
# This output file may be truncated or incomplete.
#
#  Out of Memory Error (os_windows.cpp:3530), pid=17588, tid=8024
#
# JRE version:  (18.0.2+9) (build )
# Java VM: Java HotSpot(TM) 64-Bit Server VM (18.0.2+9-61, mixed mode, sharing, tiered, compressed oops, compressed class ptrs, g1 gc, windows-amd64)
# No core dump will be written. Minidumps are not enabled by default on client versions of Windows
#

---------------  S U M M A R Y ------------

Command Line: -Dfile.encoding=UTF-8 -XX:+ShowCodeDetailsInExceptionMessages test.VCT

Host: Intel(R) Core(TM) i5-6300U CPU @ 2.40GHz, 4 cores, 7G,  Windows 10 , 64 bit Build 19041 (10.0.19041.2251)
Time: Sun Nov 13 14:27:59 2022 India Standard Time elapsed time: 0.021681 seconds (0d 0h 0m 0s)

---------------  T H R E A D  ---------------

Current thread (0x0000023009556830):  JavaThread "Unknown thread" [_thread_in_vm, id=8024, stack(0x000000adbf800000,0x000000adbf900000)]

Stack: [0x000000adbf800000,0x000000adbf900000]
Native frames: (J=compiled Java code, j=interpreted, Vv=VM code, C=native code)
V  [jvm.dll+0x6993ca]
V  [jvm.dll+0x7f481d]
V  [jvm.dll+0x7f612e]
V  [jvm.dll+0x7f67e3]
V  [jvm.dll+0x25cdaf]
V  [jvm.dll+0x696319]
V  [jvm.dll+0x68ae4a]
V  [jvm.dll+0x3223eb]
V  [jvm.dll+0x329dc6]
V  [jvm.dll+0x37eade]
V  [jvm.dll+0x37ed0f]
V  [jvm.dll+0x2fa16a]
V  [jvm.dll+0x2fb1cd]
V  [jvm.dll+0x7c3450]
V  [jvm.dll+0x38be61]
V  [jvm.dll+0x7a2073]
V  [jvm.dll+0x40dc3f]
V  [jvm.dll+0x40f611]
C  [jli.dll+0x526b]
C  [ucrtbase.dll+0x21bb2]
C  [KERNEL32.DLL+0x174b4]
C  [ntdll.dll+0x526a1]


---------------  P R O C E S S  ---------------

Threads class SMR info:
_java_thread_list=0x00007ffa9935e550, length=0, elements={
}

Java Threads: ( => current thread )

Other Threads:
  0x00000230095b3420 WorkerThread "GC Thread#0" [stack: 0x000000adbf900000,0x000000adbfa00000] [id=18996]
  0x00000230095c51f0 ConcurrentGCThread "G1 Main Marker" [stack: 0x000000adbfa00000,0x000000adbfb00000] [id=5996]
  0x00000230095c6b00 WorkerThread "G1 Conc#0" [stack: 0x000000adbfb00000,0x000000adbfc00000] [id=11772]

[error occurred during error reporting (printing all threads), id 0xc0000005, EXCEPTION_ACCESS_VIOLATION (0xc0000005) at pc=0x00007ffa98b8a707]

VM state: not at safepoint (not fully initialized)

VM Mutex/Monitor currently owned by a thread:  ([mutex/lock_event])
[0x00000230095524e0] Heap_lock - owner thread: 0x0000023009556830

Heap address: 0x0000000082400000, size: 2012 MB, Compressed Oops mode: 32-bit

CDS archive(s) mapped at: [0x0000000000000000-0x0000000000000000-0x0000000000000000), size 0, SharedBaseAddress: 0x0000000800000000, ArchiveRelocationMode: 0.
Narrow klass base: 0x0000000000000000, Narrow klass shift: 0, Narrow klass range: 0x0

GC Precious Log:
 CardTable entry size: 512
 Card Set container configuration: InlinePtr #cards 5 size 8 Array Of Cards #cards 12 size 40 Howl #buckets 4 coarsen threshold 1843 Howl Bitmap #cards 512 size 80 coarsen threshold 460 Card regions per heap region 1 cards per card region 2048

Heap:
 garbage-first heap   total 0K, used 0K [0x0000000082400000, 0x0000000100000000)
  region size 1024K, 0 young (0K), 0 survivors (0K)

[error occurred during error reporting (printing heap information), id 0xc0000005, EXCEPTION_ACCESS_VIOLATION (0xc0000005) at pc=0x00007ffa98f71859]

GC Heap History (0 events):
No events

Deoptimization events (0 events):
No events

Classes loaded (0 events):
No events

Classes unloaded (0 events):
No events

Classes redefined (0 events):
No events

Internal exceptions (0 events):
No events

VM Operations (0 events):
No events

Events (1 events):
Event: 0.012 Loaded shared library C:\Program Files\Java\jdk-18.0.2\bin\java.dll


Dynamic libraries:
0x00007ff74a0e0000 - 0x00007ff74a0f0000 	C:\Program Files\Java\jdk-18.0.2\bin\javaw.exe
0x00007ffac2a90000 - 0x00007ffac2c88000 	C:\Windows\SYSTEM32\ntdll.dll
0x00007ffac28f0000 - 0x00007ffac29af000 	C:\Windows\System32\KERNEL32.DLL
0x00007ffac04a0000 - 0x00007ffac0772000 	C:\Windows\System32\KERNELBASE.dll
0x00007ffac0250000 - 0x00007ffac0350000 	C:\Windows\System32\ucrtbase.dll
0x00007ffab74f0000 - 0x00007ffab7508000 	C:\Program Files\Java\jdk-18.0.2\bin\jli.dll
0x00007ffac2590000 - 0x00007ffac263e000 	C:\Windows\System32\ADVAPI32.dll
0x00007ffac29b0000 - 0x00007ffac2a4e000 	C:\Windows\System32\msvcrt.dll
0x00007ffac1080000 - 0x00007ffac111c000 	C:\Windows\System32\sechost.dll
0x00007ffac1a10000 - 0x00007ffac1b35000 	C:\Windows\System32\RPCRT4.dll
0x00007ffac1b60000 - 0x00007ffac1cfd000 	C:\Windows\System32\USER32.dll
0x00007ffac0470000 - 0x00007ffac0492000 	C:\Windows\System32\win32u.dll
0x00007ffac1120000 - 0x00007ffac114b000 	C:\Windows\System32\GDI32.dll
0x00007ffac0820000 - 0x00007ffac092f000 	C:\Windows\System32\gdi32full.dll
0x00007ffac0780000 - 0x00007ffac081d000 	C:\Windows\System32\msvcp_win.dll
0x00007ffaac330000 - 0x00007ffaac34a000 	C:\Program Files\Java\jdk-18.0.2\bin\VCRUNTIME140.dll
0x00007ffabc4a0000 - 0x00007ffabc73a000 	C:\Windows\WinSxS\amd64_microsoft.windows.common-controls_6595b64144ccf1df_6.0.19041.1110_none_60b5254171f9507e\COMCTL32.dll
0x00007ffab5f20000 - 0x00007ffab5f2a000 	C:\Windows\SYSTEM32\VERSION.dll
0x00007ffac1150000 - 0x00007ffac1182000 	C:\Windows\System32\IMM32.DLL
0x00007ffab4850000 - 0x00007ffab485c000 	C:\Program Files\Java\jdk-18.0.2\bin\vcruntime140_1.dll
0x00007ffa9be90000 - 0x00007ffa9bf1d000 	C:\Program Files\Java\jdk-18.0.2\bin\msvcp140.dll
0x00007ffa98880000 - 0x00007ffa99491000 	C:\Program Files\Java\jdk-18.0.2\bin\server\jvm.dll
0x00007ffac2580000 - 0x00007ffac2588000 	C:\Windows\System32\PSAPI.DLL
0x00007ffabd030000 - 0x00007ffabd039000 	C:\Windows\SYSTEM32\WSOCK32.dll
0x00007ffac2300000 - 0x00007ffac236b000 	C:\Windows\System32\WS2_32.dll
0x00007ffab7730000 - 0x00007ffab7757000 	C:\Windows\SYSTEM32\WINMM.dll
0x00007ffabe050000 - 0x00007ffabe062000 	C:\Windows\SYSTEM32\kernel.appcore.dll
0x00007ffabc750000 - 0x00007ffabc75a000 	C:\Program Files\Java\jdk-18.0.2\bin\jimage.dll
0x00007ffab8fc0000 - 0x00007ffab91a4000 	C:\Windows\SYSTEM32\DBGHELP.DLL
0x00007ffab8f80000 - 0x00007ffab8fac000 	C:\Windows\SYSTEM32\dbgcore.DLL
0x00007ffac0190000 - 0x00007ffac0212000 	C:\Windows\System32\bcryptPrimitives.dll
0x00007ffac0050000 - 0x00007ffac0082000 	C:\Windows\SYSTEM32\SspiCli.dll
0x00007ffab9dc0000 - 0x00007ffab9de5000 	C:\Program Files\Java\jdk-18.0.2\bin\java.dll

dbghelp: loaded successfully - version: 4.0.5 - missing functions: none
symbol engine: initialized successfully - sym options: 0x614 - pdb path: .;C:\Program Files\Java\jdk-18.0.2\bin;C:\Windows\SYSTEM32;C:\Windows\WinSxS\amd64_microsoft.windows.common-controls_6595b64144ccf1df_6.0.19041.1110_none_60b5254171f9507e;C:\Program Files\Java\jdk-18.0.2\bin\server

VM Arguments:
jvm_args: -Dfile.encoding=UTF-8 -XX:+ShowCodeDetailsInExceptionMessages 
java_command: test.VCT
java_class_path (initial): C:\Users\USER\eclipse-workspace\SwagLabs\target\test-classes;C:\Users\USER\eclipse-workspace\SwagLabs\target\classes;D:\poi-bin-5.1.0\poi-5.1.0.jar;D:\poi-bin-5.1.0\poi-examples-5.1.0.jar;D:\poi-bin-5.1.0\poi-excelant-5.1.0.jar;D:\poi-bin-5.1.0\poi-javadoc-5.1.0.jar;D:\poi-bin-5.1.0\poi-ooxml-5.1.0.jar;D:\poi-bin-5.1.0\poi-ooxml-full-5.1.0.jar;D:\poi-bin-5.1.0\poi-ooxml-lite-5.1.0.jar;D:\poi-bin-5.1.0\poi-scratchpad-5.1.0.jar;D:\poi-bin-5.1.0\auxiliary\batik-anim-1.14.jar;D:\poi-bin-5.1.0\auxiliary\batik-awt-util-1.14.jar;D:\poi-bin-5.1.0\auxiliary\batik-bridge-1.14.jar;D:\poi-bin-5.1.0\auxiliary\batik-codec-1.14.jar;D:\poi-bin-5.1.0\auxiliary\batik-constants-1.14.jar;D:\poi-bin-5.1.0\auxiliary\batik-css-1.14.jar;D:\poi-bin-5.1.0\auxiliary\batik-dom-1.14.jar;D:\poi-bin-5.1.0\auxiliary\batik-ext-1.14.jar;D:\poi-bin-5.1.0\auxiliary\batik-gvt-1.14.jar;D:\poi-bin-5.1.0\auxiliary\batik-i18n-1.14.jar;D:\poi-bin-5.1.0\auxiliary\batik-parser-1.14.jar;D:\poi-bin-5.1.0\auxiliary\batik-script-1.14.jar;D:\poi-bin-5.1.0\auxiliary\batik-shared-resources-1.14.jar;D:\poi-bin-5.1.0\auxiliary\batik-svg-dom-1.14.jar;D:\poi-bin-5.1.0\auxiliary\batik-svggen-1.14.jar;D:\poi-bin-5.1.0\auxiliary\batik-svgrasterizer-1.14.jar;D:\poi-bin-5.1.0\auxiliary\batik-transcoder-1.14.jar;D:\poi-bin-5.1.0\auxiliary\batik-util-1.14.jar;D:\poi-bin-5.1.0\auxiliary\batik-xml-1.14.jar;D:\poi-bin-5.1.0\auxiliary\bcpkix-jdk15on-1.69.jar;D:\poi-bin-5.1.0\auxiliary\bcprov-jdk15on-1.69.jar;D:\poi-bin-5.1.0\auxiliary\bcutil-jdk15on-1.69.jar;D:\poi-bin-5.1.0\auxiliary\fontbox-2.0.24.jar;D:\poi-bin-5.1.0\auxiliary\graphics2d-0.33.jar;D:\poi-bin-5.1.0\auxiliary\pdfbox-2.0.24.jar;D:\poi-bin-5.1.0\auxiliary\xml-apis-1.4.01.jar;D:\poi-bin-5.1.0\auxiliary\xml-apis-ext-1.3.04.jar;D:\poi-bin-5.1.0\auxiliary\xmlgraphics-commons-2.6.jar;D:\poi-bin-5.1.0\auxiliary\xmlsec-2.2.3.jar;D:\poi-bin-5.1.0\lib\commons-codec-1.15.jar;D:\poi-bin-5.1.0\lib\commons-collections4-4.4.jar;D:\poi-bin-5.1.0\lib\commons-io-2.11.0.jar;D:\poi-bin-5.1.0\lib\commons-math3-3.6.1.jar;D:\poi-bin-5.1.0\lib\log4j-api-2.14.1.jar;D:\poi-bin-5.1.0\lib\SparseBitSet-1.2.jar;D:\poi-bin-5.1.0\ooxml-lib\commons-compress-1.21.jar;D:\poi-bin-5.1.0\ooxml-lib\commons-logging-1.2.jar;D:\poi-bin-5.1.0\ooxml-lib\curvesapi-1.06.jar;D:\poi-bin-5.1.0\ooxml-lib\slf4j-api-1.7.32.jar;D:\poi-bin-5.1.0\ooxml-lib\xmlbeans-5.0.2.jar;C:\Users\USER\.p2\pool\plugins\org.testng_7.4.0.r202105021533.jar;C:\Users\USER\.m2\repository\org\seleniumhq\selenium\selenium-java\4.4.0\selenium-java-4.4.0.jar;C:\Users\USER\.m2\repository\org\seleniumhq\selenium\selenium-api\4.4.0\selenium-api-4.4.0.jar;C:\Users\USER\.m2\repository\org\seleniumhq\selenium\selenium-chrome-driver\4.4.0\selenium-chrome-driver-4.4.0.jar;C:\Users\USER\.m2\repository\com\google\auto\service\auto-service-annotations\1.0.1\auto-service-annotations-1.0.1.jar;C:\Users\USER\.m2\repository\com\google\auto\service\auto-service\1.0.1\auto-service-1.0.1.jar;C:\Users\USER\.m2\repository\com\google\auto\auto-common\1.2\auto-common-1.2.jar;C:\Users\USER\.m2\repository\com\google\guava\guava\31.1-jre\guava-31.1-jre.jar;C:\Users\USER\.m2\repository\com\google\guava\failureaccess\1.0.1\failureaccess-1.0.1.jar;C:\Users\USER\.m2\repository\com\google\guava\listenablefuture\9999.0-empty-to-avoid-conflict-with-guava\listenablefuture-9999.0-empty-to-avoid-conflict-with-guava.jar;C:\Users\USER\.m2\repository\org\checkerframework\checker-qual\3.12.0\checker-qual-3.12.0.jar;C:\Users\USER\.m2\repository\com\google\errorprone\error_prone_annotations\2.11.0\error_prone_annotations-2.11.0.jar;C:\Users\USER\.m2\repository\com\google\j2objc\j2objc-annotations\1.3\j2objc-annotations-1.3.jar;C:\Users\USER\.m2\repository\org\seleniumhq\selenium\selenium-chromium-driver\4.4.0\selenium-chromium-driver-4.4.0.jar;C:\Users\USER\.m2\repository\org\seleniumhq\selenium\selenium-json\4.4.0\selenium-json-4.4.0.jar;C:\Users\USER\.m2\repository\org\seleniumhq\selenium\selenium-devtools-v102\4.4.0\selenium-devtools-v102-4.4.0.jar;C:\Users\USER\.m2\repository\org\seleniumhq\selenium\selenium-devtools-v103\4.4.0\selenium-devtools-v103-4.4.0.jar;C:\Users\USER\.m2\repository\org\seleniumhq\selenium\selenium-devtools-v104\4.4.0\selenium-devtools-v104-4.4.0.jar;C:\Users\USER\.m2\repository\org\seleniumhq\selenium\selenium-devtools-v85\4.4.0\selenium-devtools-v85-4.4.0.jar;C:\Users\USER\.m2\repository\org\seleniumhq\selenium\selenium-edge-driver\4.4.0\selenium-edge-driver-4.4.0.jar;C:\Users\USER\.m2\repository\org\seleniumhq\selenium\selenium-firefox-driver\4.4.0\selenium-firefox-driver-4.4.0.jar;C:\Users\USER\.m2\repository\org\seleniumhq\selenium\selenium-ie-driver\4.4.0\selenium-ie-driver-4.4.0.jar;C:\Users\USER\.m2\repository\org\seleniumhq\selenium\selenium-opera-driver\4.4.0\selenium-opera-driver-4.4.0.jar;C:\Users\USER\.m2\repository\org\seleniumhq\selenium\selenium-remote-driver\4.4.0\selenium-remote-driver-4.4.0.jar;C:\Users\USER\.m2\repository\io\netty\netty-buffer\4.1.78.Final\netty-buffer-4.1.78.Final.jar;C:\Users\USER\.m2\repository\io\netty\netty-codec-http\4.1.78.Final\netty-codec-http-4.1.78.Final.jar;C:\Users\USER\.m2\repository\io\netty\netty-codec\4.1.78.Final\netty-codec-4.1.78.Final.jar;C:\Users\USER\.m2\repository\io\netty\netty-handler\4.1.78.Final\netty-handler-4.1.78.Final.jar;C:\Users\USER\.m2\repository\io\netty\netty-common\4.1.78.Final\netty-common-4.1.78.Final.jar;C:\Users\USER\.m2\repository\io\netty\netty-transport-classes-epoll\4.1.78.Final\netty-transport-classes-epoll-4.1.78.Final.jar;C:\Users\USER\.m2\repository\io\netty\netty-transport-classes-kqueue\4.1.78.Final\netty-transport-classes-kqueue-4.1.78.Final.jar;C:\Users\USER\.m2\repository\io\netty\netty-transport-native-epoll\4.1.78.Final\netty-transport-native-epoll-4.1.78.Final.jar;C:\Users\USER\.m2\repository\io\netty\netty-transport-native-kqueue\4.1.78.Final\netty-transport-native-kqueue-4.1.78.Final.jar;C:\Users\USER\.m2\repository\io\netty\netty-transport-native-unix-common\4.1.78.Final\netty-transport-native-unix-common-4.1.78.Final.jar;C:\Users\USER\.m2\repository\io\netty\netty-transport\4.1.78.Final\netty-transport-4.1.78.Final.jar;C:\Users\USER\.m2\repository\io\netty\netty-resolver\4.1.78.Final\netty-resolver-4.1.78.Final.jar;C:\Users\USER\.m2\repository\io\opentelemetry\opentelemetry-api\1.16.0\opentelemetry-api-1.16.0.jar;C:\Users\USER\.m2\repository\io\opentelemetry\opentelemetry-context\1.16.0\opentelemetry-context-1.16.0.jar;C:\Users\USER\.m2\repository\io\opentelemetry\opentelemetry-exporter-logging\1.16.0\opentelemetry-exporter-logging-1.16.0.jar;C:\Users\USER\.m2\repository\io\opentelemetry\opentelemetry-sdk-metrics\1.16.0\opentelemetry-sdk-metrics-1.16.0.jar;C:\Users\USER\.m2\repository\io\opentelemetry\opentelemetry-sdk-logs\1.16.0-alpha\opentelemetry-sdk-logs-1.16.0-alpha.jar;C:\Users\USER\.m2\repository\io\opentelemetry\opentelemetry-sdk-common\1.16.0\opentelemetry-sdk-common-1.16.0.jar;C:\Users\USER\.m2\repository\io\opentelemetry\opentelemetry-sdk-extension-autoconfigure-spi\1.16.0\opentelemetry-sdk-extension-autoconfigure-spi-1.16.0.jar;C:\Users\USER\.m2\repository\io\opentelemetry\opentelemetry-sdk-extension-autoconfigure\1.16.0-alpha\opentelemetry-sdk-extension-autoconfigure-1.16.0-alpha.jar;C:\Users\USER\.m2\repository\io\opentelemetry\opentelemetry-sdk-trace\1.16.0\opentelemetry-sdk-trace-1.16.0.jar;C:\Users\USER\.m2\repository\io\opentelemetry\opentelemetry-sdk\1.16.0\opentelemetry-sdk-1.16.0.jar;C:\Users\USER\.m2\repository\io\opentelemetry\opentelemetry-semconv\1.16.0-alpha\opentelemetry-semconv-1.16.0-alpha.jar;C:\Users\USER\.m2\repository\io\ous\jtoml\2.0.0\jtoml-2.0.0.jar;C:\Users\USER\.m2\repository\net\bytebuddy\byte-buddy\1.12.10\byte-buddy-1.12.10.jar;C:\Users\USER\.m2\repository\org\apache\commons\commons-exec\1.3\commons-exec-1.3.jar;C:\Users\USER\.m2\repository\org\asynchttpclient\async-http-client\2.12.3\async-http-client-2.12.3.jar;C:\Users\USER\.m2\repository\org\asynchttpclient\async-http-client-netty-utils\2.12.3\async-http-client-netty-utils-2.12.3.jar;C:\Users\USER\.m2\repository\io\netty\netty-codec-socks\4.1.60.Final\netty-codec-socks-4.1.60.Final.jar;C:\Users\USER\.m2\repository\io\netty\netty-handler-proxy\4.1.60.Final\netty-handler-proxy-4.1.60.Final.jar;C:\Users\USER\.m2\repository\io\netty\netty-transport-native-epoll\4.1.60.Final\netty-transport-native-epoll-4.1.60.Final-linux-x86_64.jar;C:\Users\USER\.m2\repository\io\netty\netty-transport-native-kqueue\4.1.60.Final\netty-transport-native-kqueue-4.1.60.Final-osx-x86_64.jar;C:\Users\USER\.m2\repository\com\typesafe\netty\netty-reactive-streams\2.0.4\netty-reactive-streams-2.0.4.jar;C:\Users\USER\.m2\repository\com\sun\activation\jakarta.activation\1.2.2\jakarta.activation-1.2.2.jar;C:\Users\USER\.m2\repository\org\seleniumhq\selenium\selenium-http\4.4.0\selenium-http-4.4.0.jar;C:\Users\USER\.m2\repository\dev\failsafe\failsafe\3.2.4\failsafe-3.2.4.jar;C:\Users\USER\.m2\repository\org\seleniumhq\selenium\selenium-safari-driver\4.4.0\selenium-safari-driver-4.4.0.jar;C:\Users\USER\.m2\repository\org\seleniumhq\selenium\selenium-support\4.4.0\selenium-support-4.4.0.jar;C:\Users\USER\.m2\repository\org\testng\testng\7.6.1\testng-7.6.1.jar;C:\Users\USER\.m2\repository\com\google\code\findbugs\jsr305\3.0.2\jsr305-3.0.2.jar;C:\Users\USER\.m2\repository\org\slf4j\slf4j-api\1.7.36\slf4j-api-1.7.36.jar;C:\Users\USER\.m2\repository\com\beust\jcommander\1.82\jcommander-1.82.jar;C:\Users\USER\.m2\repository\org\webjars\jquery\3.6.0\jquery-3.6.0.jar;C:\Users\USER\.m2\repository\org\slf4j\slf4j-simple\1.7.30\slf4j-simple-1.7.30.jar;C:\Users\USER\.m2\repository\io\github\bonigarcia\webdrivermanager\5.3.0\webdrivermanager-5.3.0.jar;C:\Users\USER\.m2\repository\com\google\code\gson\gson\2.9.1\gson-2.9.1.jar;C:\Users\USER\.m2\repository\com\github\docker-java\docker-java\3.2.13\docker-java-3.2.13.jar;C:\Users\USER\.m2\repository\com\github\docker-java\docker-java-core\3.2.13\docker-java-core-3.2.13.jar;C:\Users\USER\.m2\repository\com\github\docker-java\docker-java-api\3.2.13\docker-java-api-3.2.13.jar;C:\Users\USER\.m2\repository\com\fasterxml\jackson\core\jackson-annotations\2.10.3\jackson-annotations-2.10.3.jar;C:\Users\USER\.m2\repository\com\fasterxml\jackson\core\jackson-databind\2.10.3\jackson-databind-2.10.3.jar;C:\Users\USER\.m2\repository\com\fasterxml\jackson\core\jackson-core\2.10.3\jackson-core-2.10.3.jar;C:\Users\USER\.m2\repository\org\bouncycastle\bcpkix-jdk15on\1.64\bcpkix-jdk15on-1.64.jar;C:\Users\USER\.m2\repository\org\bouncycastle\bcprov-jdk15on\1.64\bcprov-jdk15on-1.64.jar;C:\Users\USER\.m2\repository\org\slf4j\jcl-over-slf4j\1.7.30\jcl-over-slf4j-1.7.30.jar;C:\Users\USER\.m2\repository\com\github\docker-java\docker-java-transport-httpclient5\3.2.13\docker-java-transport-httpclient5-3.2.13.jar;C:\Users\USER\.m2\repository\com\github\docker-java\docker-java-transport\3.2.13\docker-java-transport-3.2.13.jar;C:\Users\USER\.m2\repository\net\java\dev\jna\jna\5.8.0\jna-5.8.0.jar;C:\Users\USER\.m2\repository\org\brotli\dec\0.1.2\dec-0.1.2.jar;C:\Users\USER\.m2\repository\org\apache\commons\commons-lang3\3.12.0\commons-lang3-3.12.0.jar;C:\Users\USER\.m2\repository\org\apache\httpcomponents\client5\httpclient5\5.1.3\httpclient5-5.1.3.jar;C:\Users\USER\.m2\repository\org\apache\httpcomponents\core5\httpcore5\5.1.3\httpcore5-5.1.3.jar;C:\Users\USER\.m2\repository\org\apache\httpcomponents\core5\httpcore5-h2\5.1.3\httpcore5-h2-5.1.3.jar;C:\Users\USER\.m2\repository\commons-codec\commons-codec\1.15\commons-codec-1.15.jar;C:\Users\USER\.m2\repository\com\relevantcodes\extentreports\2.41.2\extentreports-2.41.2.jar;C:\Users\USER\.m2\repository\org\jsoup\jsoup\1.8.3\jsoup-1.8.3.jar;C:\Users\USER\.m2\repository\org\xerial\sqlite-jdbc\3.8.11.1\sqlite-jdbc-3.8.11.1.jar;C:\Users\USER\.m2\repository\org\freemarker\freemarker\2.3.23\freemarker-2.3.23.jar;C:\Users\USER\.m2\repository\org\mongodb\mongodb-driver\3.0.4\mongodb-driver-3.0.4.jar;C:\Users\USER\.m2\repository\org\mongodb\bson\3.0.4\bson-3.0.4.jar;C:\Users\USER\.m2\repository\org\mongodb\mongodb-driver-core\3.0.4\mongodb-driver-core-3.0.4.jar;C:\Users\USER\.m2\repository\com\aventstack\extentreports\5.0.9\extentreports-5.0.9.jar;C:\Users\USER\.m2\repository\io\reactivex\rxjava3\rxjava\3.0.4\rxjava-3.0.4.jar;C:\Users\USER\.m2\repository\org\reactivestreams\reactive-streams\1.0.3\reactive-streams-1.0.3.jar;C:\Users\USER\.m2\repository\org\projectlombok\lombok\1.18.12\lombok-1.18.12.jar;C:\Users\USER\.m2\repository\org\apache\poi\poi-ooxml\5.2.3\poi-ooxml-5.2.3.jar;C:\Users\USER\.m2\repository\org\apache\poi\poi\5.2.3\poi-5.2.3.jar;C:\Users\USER\.m2\repository\org\apache\commons\commons-math3\3.6.1\commons-math3-3.6.1.jar;C:\Users\USER\.m2\repository\com\zaxxer\SparseBitSet\1.2\SparseBitSet-1.2.jar;C:\Users\USER\.m2\repository\org\apache\poi\poi-ooxml-lite\5.2.3\poi-ooxml-lite-5.2.3.jar;C:\Users\USER\.m2\repository\org\apache\xmlbeans\xmlbeans\5.1.1\xmlbeans-5.1.1.jar;C:\Users\USER\.m2\repository\org\apache\commons\commons-compress\1.21\commons-compress-1.21.jar;C:\Users\USER\.m2\repository\commons-io\commons-io\2.11.0\commons-io-2.11.0.jar;C:\Users\USER\.m2\repository\com\github\virtuald\curvesapi\1.07\curvesapi-1.07.jar;C:\Users\USER\.m2\repository\org\apache\logging\log4j\log4j-api\2.18.0\log4j-api-2.18.0.jar;C:\Users\USER\.m2\repository\org\apache\commons\commons-collections4\4.4\commons-collections4-4.4.jar
Launcher Type: SUN_STANDARD

[Global flags]
     intx CICompilerCount                          = 3                                         {product} {ergonomic}
     uint ConcGCThreads                            = 1                                         {product} {ergonomic}
     uint G1ConcRefinementThreads                  = 4                                         {product} {ergonomic}
   size_t G1HeapRegionSize                         = 1048576                                   {product} {ergonomic}
    uintx GCDrainStackTargetSize                   = 64                                        {product} {ergonomic}
   size_t InitialHeapSize                          = 132120576                                 {product} {ergonomic}
   size_t MarkStackSize                            = 4194304                                   {product} {ergonomic}
   size_t MaxHeapSize                              = 2109734912                                {product} {ergonomic}
   size_t MinHeapDeltaBytes                        = 1048576                                   {product} {ergonomic}
   size_t MinHeapSize                              = 8388608                                   {product} {ergonomic}
    uintx NonNMethodCodeHeapSize                   = 5832780                                {pd product} {ergonomic}
    uintx NonProfiledCodeHeapSize                  = 122912730                              {pd product} {ergonomic}
    uintx ProfiledCodeHeapSize                     = 122912730                              {pd product} {ergonomic}
    uintx ReservedCodeCacheSize                    = 251658240                              {pd product} {ergonomic}
     bool SegmentedCodeCache                       = true                                      {product} {ergonomic}
     bool ShowCodeDetailsInExceptionMessages       = true                                   {manageable} {command line}
   size_t SoftMaxHeapSize                          = 2109734912                             {manageable} {ergonomic}
     bool UseCompressedClassPointers               = true                           {product lp64_product} {ergonomic}
     bool UseCompressedOops                        = true                           {product lp64_product} {ergonomic}
     bool UseG1GC                                  = true                                      {product} {ergonomic}
     bool UseLargePagesIndividualAllocation        = false                                  {pd product} {ergonomic}

Logging:
Log output configuration:
 #0: stdout all=warning uptime,level,tags foldmultilines=false
 #1: stderr all=off uptime,level,tags foldmultilines=false

Environment Variables:
PATH=C:/Program Files/Java/jdk-18.0.2/bin/server;C:/Program Files/Java/jdk-18.0.2/bin;C:\oraclexe\app\oracle\product\11.2.0\server\bin;C:\Program Files\Common Files\Oracle\Java\javapath;C:\Windows\system32;C:\Windows;C:\Windows\System32\Wbem;C:\Windows\System32\WindowsPowerShell\v1.0\;C:\Windows\System32\OpenSSH\;C:\Program Files (x86)\Microsoft SQL Server\150\DTS\Binn\;C:\Program Files\Git\cmd;C:\Users\USER\AppData\Local\Microsoft\WindowsApps;C:\Program Files\Azure Data Studio\bin;C:\Users\USER\AppData\Local\GitHubDesktop\bin;C:\Users\USER\Desktop;
OS=Windows_NT
PROCESSOR_IDENTIFIER=Intel64 Family 6 Model 78 Stepping 3, GenuineIntel



---------------  S Y S T E M  ---------------

OS:
 Windows 10 , 64 bit Build 19041 (10.0.19041.2251)
OS uptime: 1 days 4:17 hours

CPU: total 4 (initial active 4) (2 cores per cpu, 2 threads per core) family 6 model 78 stepping 3 microcode 0xcc, cx8, cmov, fxsr, ht, mmx, 3dnowpref, sse, sse2, sse3, ssse3, sse4.1, sse4.2, popcnt, lzcnt, tsc, tscinvbit, avx, avx2, aes, erms, clmul, bmi1, bmi2, rtm, adx, fma, vzeroupper, clflush, clflushopt

Memory: 4k page, system-wide physical 8047M (1466M free)
TotalPageFile size 9327M (AvailPageFile size 96M)
current process WorkingSet (physical memory assigned to process): 11M, peak: 11M
current process commit charge ("private bytes"): 52M, peak: 177M

vm_info: Java HotSpot(TM) 64-Bit Server VM (18.0.2+9-61) for windows-amd64 JRE (18.0.2+9-61), built on Jun  7 2022 13:09:01 by "mach5one" with MS VC++ 16.8 / 16.9 (VS2019)

END.
